CRITICAL - 2023-05-08 14:47:04 --> The framework needs the following extension(s) installed and loaded: intl.
in SYSTEMPATH\CodeIgniter.php on line 226.
 1 SYSTEMPATH\CodeIgniter.php(226): CodeIgniter\Exceptions\FrameworkException::forMissingExtension('intl')
 2 SYSTEMPATH\CodeIgniter.php(190): CodeIgniter\CodeIgniter->resolvePlatformExtensions()
 3 ROOTPATH\spark(83): CodeIgniter\CodeIgniter->initialize()
CRITICAL - 2023-05-08 13:31:43 --> Undefined variable $user
in APPPATH\Controllers\UserController.php on line 36.
 1 APPPATH\Controllers\UserController.php(36): CodeIgniter\Debug\Exceptions->errorHandler(2, 'Undefined variable $user', 'C:\\xampp\\htdocs\\Chat_App\\app\\Controllers\\UserController.php', 36)
 2 SYSTEMPATH\CodeIgniter.php(934): App\Controllers\UserController->login()
 3 SYSTEMPATH\CodeIgniter.php(499): CodeIgniter\CodeIgniter->runController(Object(App\Controllers\UserController))
 4 SYSTEMPATH\CodeIgniter.php(368): CodeIgniter\CodeIgniter->handleRequest(null, Object(Config\Cache), false)
 5 FCPATH\index.php(67): CodeIgniter\CodeIgniter->run()
 6 SYSTEMPATH\Commands\Server\rewrite.php(47): require_once('C:\\xampp\\htdocs\\Chat_App\\public\\index.php')
CRITICAL - 2023-05-08 13:48:16 --> Undefined property: App\Controllers\UserController::$load
in APPPATH\Controllers\UserController.php on line 31.
 1 APPPATH\Controllers\UserController.php(31): CodeIgniter\Debug\Exceptions->errorHandler(2, 'Undefined property: App\\Controllers\\UserController::$load', 'C:\\xampp\\htdocs\\Chat_App\\app\\Controllers\\UserController.php', 31)
 2 SYSTEMPATH\CodeIgniter.php(934): App\Controllers\UserController->display_users()
 3 SYSTEMPATH\CodeIgniter.php(499): CodeIgniter\CodeIgniter->runController(Object(App\Controllers\UserController))
 4 SYSTEMPATH\CodeIgniter.php(368): CodeIgniter\CodeIgniter->handleRequest(null, Object(Config\Cache), false)
 5 FCPATH\index.php(67): CodeIgniter\CodeIgniter->run()
 6 SYSTEMPATH\Commands\Server\rewrite.php(47): require_once('C:\\xampp\\htdocs\\Chat_App\\public\\index.php')
CRITICAL - 2023-05-08 14:10:29 --> Undefined property: App\Controllers\UserController::$db
in APPPATH\Controllers\UserController.php on line 32.
 1 APPPATH\Controllers\UserController.php(32): CodeIgniter\Debug\Exceptions->errorHandler(2, 'Undefined property: App\\Controllers\\UserController::$db', 'C:\\xampp\\htdocs\\Chat_App\\app\\Controllers\\UserController.php', 32)
 2 SYSTEMPATH\CodeIgniter.php(934): App\Controllers\UserController->display_users()
 3 SYSTEMPATH\CodeIgniter.php(499): CodeIgniter\CodeIgniter->runController(Object(App\Controllers\UserController))
 4 SYSTEMPATH\CodeIgniter.php(368): CodeIgniter\CodeIgniter->handleRequest(null, Object(Config\Cache), false)
 5 FCPATH\index.php(67): CodeIgniter\CodeIgniter->run()
 6 SYSTEMPATH\Commands\Server\rewrite.php(47): require_once('C:\\xampp\\htdocs\\Chat_App\\public\\index.php')
CRITICAL - 2023-05-08 14:10:29 --> Undefined property: App\Controllers\UserController::$db
in APPPATH\Controllers\UserController.php on line 32.
 1 APPPATH\Controllers\UserController.php(32): CodeIgniter\Debug\Exceptions->errorHandler(2, 'Undefined property: App\\Controllers\\UserController::$db', 'C:\\xampp\\htdocs\\Chat_App\\app\\Controllers\\UserController.php', 32)
 2 SYSTEMPATH\CodeIgniter.php(934): App\Controllers\UserController->display_users()
 3 SYSTEMPATH\CodeIgniter.php(499): CodeIgniter\CodeIgniter->runController(Object(App\Controllers\UserController))
 4 SYSTEMPATH\CodeIgniter.php(368): CodeIgniter\CodeIgniter->handleRequest(null, Object(Config\Cache), false)
 5 FCPATH\index.php(67): CodeIgniter\CodeIgniter->run()
 6 SYSTEMPATH\Commands\Server\rewrite.php(47): require_once('C:\\xampp\\htdocs\\Chat_App\\public\\index.php')
CRITICAL - 2023-05-08 14:10:30 --> Undefined property: App\Controllers\UserController::$db
in APPPATH\Controllers\UserController.php on line 32.
 1 APPPATH\Controllers\UserController.php(32): CodeIgniter\Debug\Exceptions->errorHandler(2, 'Undefined property: App\\Controllers\\UserController::$db', 'C:\\xampp\\htdocs\\Chat_App\\app\\Controllers\\UserController.php', 32)
 2 SYSTEMPATH\CodeIgniter.php(934): App\Controllers\UserController->display_users()
 3 SYSTEMPATH\CodeIgniter.php(499): CodeIgniter\CodeIgniter->runController(Object(App\Controllers\UserController))
 4 SYSTEMPATH\CodeIgniter.php(368): CodeIgniter\CodeIgniter->handleRequest(null, Object(Config\Cache), false)
 5 FCPATH\index.php(67): CodeIgniter\CodeIgniter->run()
 6 SYSTEMPATH\Commands\Server\rewrite.php(47): require_once('C:\\xampp\\htdocs\\Chat_App\\public\\index.php')
CRITICAL - 2023-05-08 14:10:30 --> Undefined property: App\Controllers\UserController::$db
in APPPATH\Controllers\UserController.php on line 32.
 1 APPPATH\Controllers\UserController.php(32): CodeIgniter\Debug\Exceptions->errorHandler(2, 'Undefined property: App\\Controllers\\UserController::$db', 'C:\\xampp\\htdocs\\Chat_App\\app\\Controllers\\UserController.php', 32)
 2 SYSTEMPATH\CodeIgniter.php(934): App\Controllers\UserController->display_users()
 3 SYSTEMPATH\CodeIgniter.php(499): CodeIgniter\CodeIgniter->runController(Object(App\Controllers\UserController))
 4 SYSTEMPATH\CodeIgniter.php(368): CodeIgniter\CodeIgniter->handleRequest(null, Object(Config\Cache), false)
 5 FCPATH\index.php(67): CodeIgniter\CodeIgniter->run()
 6 SYSTEMPATH\Commands\Server\rewrite.php(47): require_once('C:\\xampp\\htdocs\\Chat_App\\public\\index.php')
CRITICAL - 2023-05-08 14:14:13 --> Undefined property: App\Controllers\UserController::$db
in APPPATH\Controllers\UserController.php on line 31.
 1 APPPATH\Controllers\UserController.php(31): CodeIgniter\Debug\Exceptions->errorHandler(2, 'Undefined property: App\\Controllers\\UserController::$db', 'C:\\xampp\\htdocs\\Chat_App\\app\\Controllers\\UserController.php', 31)
 2 SYSTEMPATH\CodeIgniter.php(934): App\Controllers\UserController->display_users()
 3 SYSTEMPATH\CodeIgniter.php(499): CodeIgniter\CodeIgniter->runController(Object(App\Controllers\UserController))
 4 SYSTEMPATH\CodeIgniter.php(368): CodeIgniter\CodeIgniter->handleRequest(null, Object(Config\Cache), false)
 5 FCPATH\index.php(67): CodeIgniter\CodeIgniter->run()
 6 SYSTEMPATH\Commands\Server\rewrite.php(47): require_once('C:\\xampp\\htdocs\\Chat_App\\public\\index.php')
CRITICAL - 2023-05-08 14:14:14 --> Undefined property: App\Controllers\UserController::$db
in APPPATH\Controllers\UserController.php on line 31.
 1 APPPATH\Controllers\UserController.php(31): CodeIgniter\Debug\Exceptions->errorHandler(2, 'Undefined property: App\\Controllers\\UserController::$db', 'C:\\xampp\\htdocs\\Chat_App\\app\\Controllers\\UserController.php', 31)
 2 SYSTEMPATH\CodeIgniter.php(934): App\Controllers\UserController->display_users()
 3 SYSTEMPATH\CodeIgniter.php(499): CodeIgniter\CodeIgniter->runController(Object(App\Controllers\UserController))
 4 SYSTEMPATH\CodeIgniter.php(368): CodeIgniter\CodeIgniter->handleRequest(null, Object(Config\Cache), false)
 5 FCPATH\index.php(67): CodeIgniter\CodeIgniter->run()
 6 SYSTEMPATH\Commands\Server\rewrite.php(47): require_once('C:\\xampp\\htdocs\\Chat_App\\public\\index.php')
CRITICAL - 2023-05-08 14:14:14 --> Undefined property: App\Controllers\UserController::$db
in APPPATH\Controllers\UserController.php on line 31.
 1 APPPATH\Controllers\UserController.php(31): CodeIgniter\Debug\Exceptions->errorHandler(2, 'Undefined property: App\\Controllers\\UserController::$db', 'C:\\xampp\\htdocs\\Chat_App\\app\\Controllers\\UserController.php', 31)
 2 SYSTEMPATH\CodeIgniter.php(934): App\Controllers\UserController->display_users()
 3 SYSTEMPATH\CodeIgniter.php(499): CodeIgniter\CodeIgniter->runController(Object(App\Controllers\UserController))
 4 SYSTEMPATH\CodeIgniter.php(368): CodeIgniter\CodeIgniter->handleRequest(null, Object(Config\Cache), false)
 5 FCPATH\index.php(67): CodeIgniter\CodeIgniter->run()
 6 SYSTEMPATH\Commands\Server\rewrite.php(47): require_once('C:\\xampp\\htdocs\\Chat_App\\public\\index.php')
CRITICAL - 2023-05-08 14:14:15 --> Undefined property: App\Controllers\UserController::$db
in APPPATH\Controllers\UserController.php on line 31.
 1 APPPATH\Controllers\UserController.php(31): CodeIgniter\Debug\Exceptions->errorHandler(2, 'Undefined property: App\\Controllers\\UserController::$db', 'C:\\xampp\\htdocs\\Chat_App\\app\\Controllers\\UserController.php', 31)
 2 SYSTEMPATH\CodeIgniter.php(934): App\Controllers\UserController->display_users()
 3 SYSTEMPATH\CodeIgniter.php(499): CodeIgniter\CodeIgniter->runController(Object(App\Controllers\UserController))
 4 SYSTEMPATH\CodeIgniter.php(368): CodeIgniter\CodeIgniter->handleRequest(null, Object(Config\Cache), false)
 5 FCPATH\index.php(67): CodeIgniter\CodeIgniter->run()
 6 SYSTEMPATH\Commands\Server\rewrite.php(47): require_once('C:\\xampp\\htdocs\\Chat_App\\public\\index.php')
CRITICAL - 2023-05-08 14:14:18 --> Undefined property: App\Controllers\UserController::$db
in APPPATH\Controllers\UserController.php on line 31.
 1 APPPATH\Controllers\UserController.php(31): CodeIgniter\Debug\Exceptions->errorHandler(2, 'Undefined property: App\\Controllers\\UserController::$db', 'C:\\xampp\\htdocs\\Chat_App\\app\\Controllers\\UserController.php', 31)
 2 SYSTEMPATH\CodeIgniter.php(934): App\Controllers\UserController->display_users()
 3 SYSTEMPATH\CodeIgniter.php(499): CodeIgniter\CodeIgniter->runController(Object(App\Controllers\UserController))
 4 SYSTEMPATH\CodeIgniter.php(368): CodeIgniter\CodeIgniter->handleRequest(null, Object(Config\Cache), false)
 5 FCPATH\index.php(67): CodeIgniter\CodeIgniter->run()
 6 SYSTEMPATH\Commands\Server\rewrite.php(47): require_once('C:\\xampp\\htdocs\\Chat_App\\public\\index.php')
CRITICAL - 2023-05-08 14:16:06 --> Cannot use object of type stdClass as array
in APPPATH\Controllers\UserController.php on line 37.
 1 SYSTEMPATH\CodeIgniter.php(934): App\Controllers\UserController->display_users()
 2 SYSTEMPATH\CodeIgniter.php(499): CodeIgniter\CodeIgniter->runController(Object(App\Controllers\UserController))
 3 SYSTEMPATH\CodeIgniter.php(368): CodeIgniter\CodeIgniter->handleRequest(null, Object(Config\Cache), false)
 4 FCPATH\index.php(67): CodeIgniter\CodeIgniter->run()
 5 SYSTEMPATH\Commands\Server\rewrite.php(47): require_once('C:\\xampp\\htdocs\\Chat_App\\public\\index.php')
CRITICAL - 2023-05-08 14:16:06 --> Cannot use object of type stdClass as array
in APPPATH\Controllers\UserController.php on line 37.
 1 SYSTEMPATH\CodeIgniter.php(934): App\Controllers\UserController->display_users()
 2 SYSTEMPATH\CodeIgniter.php(499): CodeIgniter\CodeIgniter->runController(Object(App\Controllers\UserController))
 3 SYSTEMPATH\CodeIgniter.php(368): CodeIgniter\CodeIgniter->handleRequest(null, Object(Config\Cache), false)
 4 FCPATH\index.php(67): CodeIgniter\CodeIgniter->run()
 5 SYSTEMPATH\Commands\Server\rewrite.php(47): require_once('C:\\xampp\\htdocs\\Chat_App\\public\\index.php')
CRITICAL - 2023-05-08 14:16:06 --> Cannot use object of type stdClass as array
in APPPATH\Controllers\UserController.php on line 37.
 1 SYSTEMPATH\CodeIgniter.php(934): App\Controllers\UserController->display_users()
 2 SYSTEMPATH\CodeIgniter.php(499): CodeIgniter\CodeIgniter->runController(Object(App\Controllers\UserController))
 3 SYSTEMPATH\CodeIgniter.php(368): CodeIgniter\CodeIgniter->handleRequest(null, Object(Config\Cache), false)
 4 FCPATH\index.php(67): CodeIgniter\CodeIgniter->run()
 5 SYSTEMPATH\Commands\Server\rewrite.php(47): require_once('C:\\xampp\\htdocs\\Chat_App\\public\\index.php')
CRITICAL - 2023-05-08 14:16:07 --> Cannot use object of type stdClass as array
in APPPATH\Controllers\UserController.php on line 37.
 1 SYSTEMPATH\CodeIgniter.php(934): App\Controllers\UserController->display_users()
 2 SYSTEMPATH\CodeIgniter.php(499): CodeIgniter\CodeIgniter->runController(Object(App\Controllers\UserController))
 3 SYSTEMPATH\CodeIgniter.php(368): CodeIgniter\CodeIgniter->handleRequest(null, Object(Config\Cache), false)
 4 FCPATH\index.php(67): CodeIgniter\CodeIgniter->run()
 5 SYSTEMPATH\Commands\Server\rewrite.php(47): require_once('C:\\xampp\\htdocs\\Chat_App\\public\\index.php')
CRITICAL - 2023-05-08 14:16:07 --> Cannot use object of type stdClass as array
in APPPATH\Controllers\UserController.php on line 37.
 1 SYSTEMPATH\CodeIgniter.php(934): App\Controllers\UserController->display_users()
 2 SYSTEMPATH\CodeIgniter.php(499): CodeIgniter\CodeIgniter->runController(Object(App\Controllers\UserController))
 3 SYSTEMPATH\CodeIgniter.php(368): CodeIgniter\CodeIgniter->handleRequest(null, Object(Config\Cache), false)
 4 FCPATH\index.php(67): CodeIgniter\CodeIgniter->run()
 5 SYSTEMPATH\Commands\Server\rewrite.php(47): require_once('C:\\xampp\\htdocs\\Chat_App\\public\\index.php')
CRITICAL - 2023-05-08 14:19:18 --> Undefined variable $db
in APPPATH\Controllers\UserController.php on line 32.
 1 APPPATH\Controllers\UserController.php(32): CodeIgniter\Debug\Exceptions->errorHandler(2, 'Undefined variable $db', 'C:\\xampp\\htdocs\\Chat_App\\app\\Controllers\\UserController.php', 32)
 2 SYSTEMPATH\CodeIgniter.php(934): App\Controllers\UserController->display_users()
 3 SYSTEMPATH\CodeIgniter.php(499): CodeIgniter\CodeIgniter->runController(Object(App\Controllers\UserController))
 4 SYSTEMPATH\CodeIgniter.php(368): CodeIgniter\CodeIgniter->handleRequest(null, Object(Config\Cache), false)
 5 FCPATH\index.php(67): CodeIgniter\CodeIgniter->run()
 6 SYSTEMPATH\Commands\Server\rewrite.php(47): require_once('C:\\xampp\\htdocs\\Chat_App\\public\\index.php')
CRITICAL - 2023-05-08 14:19:19 --> Undefined variable $db
in APPPATH\Controllers\UserController.php on line 32.
 1 APPPATH\Controllers\UserController.php(32): CodeIgniter\Debug\Exceptions->errorHandler(2, 'Undefined variable $db', 'C:\\xampp\\htdocs\\Chat_App\\app\\Controllers\\UserController.php', 32)
 2 SYSTEMPATH\CodeIgniter.php(934): App\Controllers\UserController->display_users()
 3 SYSTEMPATH\CodeIgniter.php(499): CodeIgniter\CodeIgniter->runController(Object(App\Controllers\UserController))
 4 SYSTEMPATH\CodeIgniter.php(368): CodeIgniter\CodeIgniter->handleRequest(null, Object(Config\Cache), false)
 5 FCPATH\index.php(67): CodeIgniter\CodeIgniter->run()
 6 SYSTEMPATH\Commands\Server\rewrite.php(47): require_once('C:\\xampp\\htdocs\\Chat_App\\public\\index.php')
CRITICAL - 2023-05-08 14:19:19 --> Undefined variable $db
in APPPATH\Controllers\UserController.php on line 32.
 1 APPPATH\Controllers\UserController.php(32): CodeIgniter\Debug\Exceptions->errorHandler(2, 'Undefined variable $db', 'C:\\xampp\\htdocs\\Chat_App\\app\\Controllers\\UserController.php', 32)
 2 SYSTEMPATH\CodeIgniter.php(934): App\Controllers\UserController->display_users()
 3 SYSTEMPATH\CodeIgniter.php(499): CodeIgniter\CodeIgniter->runController(Object(App\Controllers\UserController))
 4 SYSTEMPATH\CodeIgniter.php(368): CodeIgniter\CodeIgniter->handleRequest(null, Object(Config\Cache), false)
 5 FCPATH\index.php(67): CodeIgniter\CodeIgniter->run()
 6 SYSTEMPATH\Commands\Server\rewrite.php(47): require_once('C:\\xampp\\htdocs\\Chat_App\\public\\index.php')
CRITICAL - 2023-05-08 14:19:20 --> Undefined variable $db
in APPPATH\Controllers\UserController.php on line 32.
 1 APPPATH\Controllers\UserController.php(32): CodeIgniter\Debug\Exceptions->errorHandler(2, 'Undefined variable $db', 'C:\\xampp\\htdocs\\Chat_App\\app\\Controllers\\UserController.php', 32)
 2 SYSTEMPATH\CodeIgniter.php(934): App\Controllers\UserController->display_users()
 3 SYSTEMPATH\CodeIgniter.php(499): CodeIgniter\CodeIgniter->runController(Object(App\Controllers\UserController))
 4 SYSTEMPATH\CodeIgniter.php(368): CodeIgniter\CodeIgniter->handleRequest(null, Object(Config\Cache), false)
 5 FCPATH\index.php(67): CodeIgniter\CodeIgniter->run()
 6 SYSTEMPATH\Commands\Server\rewrite.php(47): require_once('C:\\xampp\\htdocs\\Chat_App\\public\\index.php')
CRITICAL - 2023-05-08 14:19:20 --> Undefined variable $db
in APPPATH\Controllers\UserController.php on line 32.
 1 APPPATH\Controllers\UserController.php(32): CodeIgniter\Debug\Exceptions->errorHandler(2, 'Undefined variable $db', 'C:\\xampp\\htdocs\\Chat_App\\app\\Controllers\\UserController.php', 32)
 2 SYSTEMPATH\CodeIgniter.php(934): App\Controllers\UserController->display_users()
 3 SYSTEMPATH\CodeIgniter.php(499): CodeIgniter\CodeIgniter->runController(Object(App\Controllers\UserController))
 4 SYSTEMPATH\CodeIgniter.php(368): CodeIgniter\CodeIgniter->handleRequest(null, Object(Config\Cache), false)
 5 FCPATH\index.php(67): CodeIgniter\CodeIgniter->run()
 6 SYSTEMPATH\Commands\Server\rewrite.php(47): require_once('C:\\xampp\\htdocs\\Chat_App\\public\\index.php')
CRITICAL - 2023-05-08 14:30:01 --> Array to string conversion
in APPPATH\Controllers\UserController.php on line 57.
 1 APPPATH\Controllers\UserController.php(57): CodeIgniter\Debug\Exceptions->errorHandler(2, 'Array to string conversion', 'C:\\xampp\\htdocs\\Chat_App\\app\\Controllers\\UserController.php', 57)
 2 SYSTEMPATH\CodeIgniter.php(934): App\Controllers\UserController->login()
 3 SYSTEMPATH\CodeIgniter.php(499): CodeIgniter\CodeIgniter->runController(Object(App\Controllers\UserController))
 4 SYSTEMPATH\CodeIgniter.php(368): CodeIgniter\CodeIgniter->handleRequest(null, Object(Config\Cache), false)
 5 FCPATH\index.php(67): CodeIgniter\CodeIgniter->run()
 6 SYSTEMPATH\Commands\Server\rewrite.php(47): require_once('C:\\xampp\\htdocs\\Chat_App\\public\\index.php')
CRITICAL - 2023-05-08 14:30:03 --> Array to string conversion
in APPPATH\Controllers\UserController.php on line 57.
 1 APPPATH\Controllers\UserController.php(57): CodeIgniter\Debug\Exceptions->errorHandler(2, 'Array to string conversion', 'C:\\xampp\\htdocs\\Chat_App\\app\\Controllers\\UserController.php', 57)
 2 SYSTEMPATH\CodeIgniter.php(934): App\Controllers\UserController->login()
 3 SYSTEMPATH\CodeIgniter.php(499): CodeIgniter\CodeIgniter->runController(Object(App\Controllers\UserController))
 4 SYSTEMPATH\CodeIgniter.php(368): CodeIgniter\CodeIgniter->handleRequest(null, Object(Config\Cache), false)
 5 FCPATH\index.php(67): CodeIgniter\CodeIgniter->run()
 6 SYSTEMPATH\Commands\Server\rewrite.php(47): require_once('C:\\xampp\\htdocs\\Chat_App\\public\\index.php')
CRITICAL - 2023-05-08 14:42:57 --> Trying to access array offset on value of type null
in APPPATH\Controllers\UserController.php on line 57.
 1 APPPATH\Controllers\UserController.php(57): CodeIgniter\Debug\Exceptions->errorHandler(2, 'Trying to access array offset on value of type null', 'C:\\xampp\\htdocs\\Chat_App\\app\\Controllers\\UserController.php', 57)
 2 SYSTEMPATH\CodeIgniter.php(934): App\Controllers\UserController->login()
 3 SYSTEMPATH\CodeIgniter.php(499): CodeIgniter\CodeIgniter->runController(Object(App\Controllers\UserController))
 4 SYSTEMPATH\CodeIgniter.php(368): CodeIgniter\CodeIgniter->handleRequest(null, Object(Config\Cache), false)
 5 FCPATH\index.php(67): CodeIgniter\CodeIgniter->run()
 6 SYSTEMPATH\Commands\Server\rewrite.php(47): require_once('C:\\xampp\\htdocs\\Chat_App\\public\\index.php')
CRITICAL - 2023-05-08 14:43:02 --> Trying to access array offset on value of type null
in APPPATH\Controllers\UserController.php on line 57.
 1 APPPATH\Controllers\UserController.php(57): CodeIgniter\Debug\Exceptions->errorHandler(2, 'Trying to access array offset on value of type null', 'C:\\xampp\\htdocs\\Chat_App\\app\\Controllers\\UserController.php', 57)
 2 SYSTEMPATH\CodeIgniter.php(934): App\Controllers\UserController->login()
 3 SYSTEMPATH\CodeIgniter.php(499): CodeIgniter\CodeIgniter->runController(Object(App\Controllers\UserController))
 4 SYSTEMPATH\CodeIgniter.php(368): CodeIgniter\CodeIgniter->handleRequest(null, Object(Config\Cache), false)
 5 FCPATH\index.php(67): CodeIgniter\CodeIgniter->run()
 6 SYSTEMPATH\Commands\Server\rewrite.php(47): require_once('C:\\xampp\\htdocs\\Chat_App\\public\\index.php')
CRITICAL - 2023-05-08 14:43:21 --> Trying to access array offset on value of type null
in APPPATH\Controllers\UserController.php on line 57.
 1 APPPATH\Controllers\UserController.php(57): CodeIgniter\Debug\Exceptions->errorHandler(2, 'Trying to access array offset on value of type null', 'C:\\xampp\\htdocs\\Chat_App\\app\\Controllers\\UserController.php', 57)
 2 SYSTEMPATH\CodeIgniter.php(934): App\Controllers\UserController->login()
 3 SYSTEMPATH\CodeIgniter.php(499): CodeIgniter\CodeIgniter->runController(Object(App\Controllers\UserController))
 4 SYSTEMPATH\CodeIgniter.php(368): CodeIgniter\CodeIgniter->handleRequest(null, Object(Config\Cache), false)
 5 FCPATH\index.php(67): CodeIgniter\CodeIgniter->run()
 6 SYSTEMPATH\Commands\Server\rewrite.php(47): require_once('C:\\xampp\\htdocs\\Chat_App\\public\\index.php')
CRITICAL - 2023-05-08 14:43:26 --> Trying to access array offset on value of type null
in APPPATH\Controllers\UserController.php on line 57.
 1 APPPATH\Controllers\UserController.php(57): CodeIgniter\Debug\Exceptions->errorHandler(2, 'Trying to access array offset on value of type null', 'C:\\xampp\\htdocs\\Chat_App\\app\\Controllers\\UserController.php', 57)
 2 SYSTEMPATH\CodeIgniter.php(934): App\Controllers\UserController->login()
 3 SYSTEMPATH\CodeIgniter.php(499): CodeIgniter\CodeIgniter->runController(Object(App\Controllers\UserController))
 4 SYSTEMPATH\CodeIgniter.php(368): CodeIgniter\CodeIgniter->handleRequest(null, Object(Config\Cache), false)
 5 FCPATH\index.php(67): CodeIgniter\CodeIgniter->run()
 6 SYSTEMPATH\Commands\Server\rewrite.php(47): require_once('C:\\xampp\\htdocs\\Chat_App\\public\\index.php')
CRITICAL - 2023-05-08 14:57:23 --> Undefined variable $user
in APPPATH\Controllers\UserController.php on line 116.
 1 APPPATH\Controllers\UserController.php(116): CodeIgniter\Debug\Exceptions->errorHandler(2, 'Undefined variable $user', 'C:\\xampp\\htdocs\\Chat_App\\app\\Controllers\\UserController.php', 116)
 2 SYSTEMPATH\CodeIgniter.php(934): App\Controllers\UserController->searchUser()
 3 SYSTEMPATH\CodeIgniter.php(499): CodeIgniter\CodeIgniter->runController(Object(App\Controllers\UserController))
 4 SYSTEMPATH\CodeIgniter.php(368): CodeIgniter\CodeIgniter->handleRequest(null, Object(Config\Cache), false)
 5 FCPATH\index.php(67): CodeIgniter\CodeIgniter->run()
 6 SYSTEMPATH\Commands\Server\rewrite.php(47): require_once('C:\\xampp\\htdocs\\Chat_App\\public\\index.php')
CRITICAL - 2023-05-08 18:26:02 --> Undefined variable $messages
in APPPATH\Views\chat.php on line 171.
 1 APPPATH\Views\chat.php(171): CodeIgniter\Debug\Exceptions->errorHandler(2, 'Undefined variable $messages', 'C:\\xampp\\htdocs\\Chat_App\\app\\Views\\chat.php', 171)
 2 SYSTEMPATH\View\View.php(213): include('C:\\xampp\\htdocs\\Chat_App\\app\\Views\\chat.php')
 3 SYSTEMPATH\View\View.php(216): CodeIgniter\View\View->CodeIgniter\View\{closure}()
 4 SYSTEMPATH\Common.php(1184): CodeIgniter\View\View->render('chat', [], true)
 5 APPPATH\Controllers\UserController.php(68): view('chat')
 6 SYSTEMPATH\CodeIgniter.php(934): App\Controllers\UserController->login()
 7 SYSTEMPATH\CodeIgniter.php(499): CodeIgniter\CodeIgniter->runController(Object(App\Controllers\UserController))
 8 SYSTEMPATH\CodeIgniter.php(368): CodeIgniter\CodeIgniter->handleRequest(null, Object(Config\Cache), false)
 9 FCPATH\index.php(67): CodeIgniter\CodeIgniter->run()
10 SYSTEMPATH\Commands\Server\rewrite.php(47): require_once('C:\\xampp\\htdocs\\Chat_App\\public\\index.php')
CRITICAL - 2023-05-08 18:26:17 --> Undefined variable $messages
in APPPATH\Views\chat.php on line 171.
 1 APPPATH\Views\chat.php(171): CodeIgniter\Debug\Exceptions->errorHandler(2, 'Undefined variable $messages', 'C:\\xampp\\htdocs\\Chat_App\\app\\Views\\chat.php', 171)
 2 SYSTEMPATH\View\View.php(213): include('C:\\xampp\\htdocs\\Chat_App\\app\\Views\\chat.php')
 3 SYSTEMPATH\View\View.php(216): CodeIgniter\View\View->CodeIgniter\View\{closure}()
 4 SYSTEMPATH\Common.php(1184): CodeIgniter\View\View->render('chat', [], true)
 5 APPPATH\Controllers\UserController.php(68): view('chat')
 6 SYSTEMPATH\CodeIgniter.php(934): App\Controllers\UserController->login()
 7 SYSTEMPATH\CodeIgniter.php(499): CodeIgniter\CodeIgniter->runController(Object(App\Controllers\UserController))
 8 SYSTEMPATH\CodeIgniter.php(368): CodeIgniter\CodeIgniter->handleRequest(null, Object(Config\Cache), false)
 9 FCPATH\index.php(67): CodeIgniter\CodeIgniter->run()
10 SYSTEMPATH\Commands\Server\rewrite.php(47): require_once('C:\\xampp\\htdocs\\Chat_App\\public\\index.php')
CRITICAL - 2023-05-08 18:26:25 --> Undefined variable $messages
in APPPATH\Views\chat.php on line 171.
 1 APPPATH\Views\chat.php(171): CodeIgniter\Debug\Exceptions->errorHandler(2, 'Undefined variable $messages', 'C:\\xampp\\htdocs\\Chat_App\\app\\Views\\chat.php', 171)
 2 SYSTEMPATH\View\View.php(213): include('C:\\xampp\\htdocs\\Chat_App\\app\\Views\\chat.php')
 3 SYSTEMPATH\View\View.php(216): CodeIgniter\View\View->CodeIgniter\View\{closure}()
 4 SYSTEMPATH\Common.php(1184): CodeIgniter\View\View->render('chat', [], true)
 5 APPPATH\Controllers\UserController.php(68): view('chat')
 6 SYSTEMPATH\CodeIgniter.php(934): App\Controllers\UserController->login()
 7 SYSTEMPATH\CodeIgniter.php(499): CodeIgniter\CodeIgniter->runController(Object(App\Controllers\UserController))
 8 SYSTEMPATH\CodeIgniter.php(368): CodeIgniter\CodeIgniter->handleRequest(null, Object(Config\Cache), false)
 9 FCPATH\index.php(67): CodeIgniter\CodeIgniter->run()
10 SYSTEMPATH\Commands\Server\rewrite.php(47): require_once('C:\\xampp\\htdocs\\Chat_App\\public\\index.php')
CRITICAL - 2023-05-08 19:15:15 --> view(): Argument #2 ($data) must be of type array, string given, called in C:\xampp\htdocs\Chat_App\app\Controllers\UserController.php on line 117
in SYSTEMPATH\Common.php on line 1172.
 1 APPPATH\Controllers\UserController.php(117): view('logged_user', 'santhosh')
 2 SYSTEMPATH\CodeIgniter.php(934): App\Controllers\UserController->searchUser()
 3 SYSTEMPATH\CodeIgniter.php(499): CodeIgniter\CodeIgniter->runController(Object(App\Controllers\UserController))
 4 SYSTEMPATH\CodeIgniter.php(368): CodeIgniter\CodeIgniter->handleRequest(null, Object(Config\Cache), false)
 5 FCPATH\index.php(67): CodeIgniter\CodeIgniter->run()
 6 SYSTEMPATH\Commands\Server\rewrite.php(47): require_once('C:\\xampp\\htdocs\\Chat_App\\public\\index.php')
CRITICAL - 2023-05-08 19:27:08 --> Undefined variable $users
in APPPATH\Views\logged_user.php on line 67.
 1 APPPATH\Views\logged_user.php(67): CodeIgniter\Debug\Exceptions->errorHandler(2, 'Undefined variable $users', 'C:\\xampp\\htdocs\\Chat_App\\app\\Views\\logged_user.php', 67)
 2 SYSTEMPATH\View\View.php(213): include('C:\\xampp\\htdocs\\Chat_App\\app\\Views\\logged_user.php')
 3 SYSTEMPATH\View\View.php(216): CodeIgniter\View\View->CodeIgniter\View\{closure}()
 4 SYSTEMPATH\Common.php(1184): CodeIgniter\View\View->render('logged_user', [], true)
 5 APPPATH\Controllers\UserController.php(117): view('logged_user', [...])
 6 SYSTEMPATH\CodeIgniter.php(934): App\Controllers\UserController->searchUser()
 7 SYSTEMPATH\CodeIgniter.php(499): CodeIgniter\CodeIgniter->runController(Object(App\Controllers\UserController))
 8 SYSTEMPATH\CodeIgniter.php(368): CodeIgniter\CodeIgniter->handleRequest(null, Object(Config\Cache), false)
 9 FCPATH\index.php(67): CodeIgniter\CodeIgniter->run()
10 SYSTEMPATH\Commands\Server\rewrite.php(47): require_once('C:\\xampp\\htdocs\\Chat_App\\public\\index.php')
